Content-Type: text/plain; charset="utf-8"
MIME-Version: 1.0
Content-Transfer-Encoding: 7bit
Subject: Password reset on 127.0.0.1:8000
From: webmaster@localhost
To: lewisdbentley@gmail.com
Date: Sat, 14 Dec 2019 14:14:45 -0000
Message-ID: <157633288583.10696.15554759057894603637@User-PC>

Someone asked for password reset for email lewisdbentley@gmail.com. Follow the link below:
http://127.0.0.1:8000/accounts/reset/Ng/5c9-3d63e28896034ccd4ae8/
-------------------------------------------------------------------------------
Content-Type: text/plain; charset="utf-8"
MIME-Version: 1.0
Content-Transfer-Encoding: 7bit
Subject: Password reset on 127.0.0.1:8000
From: webmaster@localhost
To: lewisdbentley@gmail.com
Date: Sat, 14 Dec 2019 14:14:45 -0000
Message-ID: <157633288585.10696.11289850012860705115@User-PC>

Someone asked for password reset for email lewisdbentley@gmail.com. Follow the link below:
http://127.0.0.1:8000/accounts/reset/NQ/5c9-12d4a1cbc60904b01c61/
-------------------------------------------------------------------------------
